/scratch/cse/phd/csz208845/a1_data/input_4294967295.bin

LD_LIBRARY_PATH=/home/soft/centOS/compilers/gcc/openmpi/4.0.2/lib:/home/soft/centOS/compilers/gcc/9.1.0_new/lib64:/home/apps/LIBISL/0.18/gnu/lib:. ./driver /scratch/cse/phd/csz208845/a1_data/input_4294967295.bin 12
n_threads = 12
N = 4294967295 p = 40
Time taken for sorting 4294967295 elements with 40 buckets = 525895ms

LD_LIBRARY_PATH=/home/soft/centOS/compilers/gcc/openmpi/4.0.2/lib:/home/soft/centOS/compilers/gcc/9.1.0_new/lib64:/home/apps/LIBISL/0.18/gnu/lib:. ./driver /scratch/cse/phd/csz208845/a1_data/input_4294967295.bin 11
n_threads = 11
N = 4294967295 p = 40
Time taken for sorting 4294967295 elements with 40 buckets = 495649ms

LD_LIBRARY_PATH=/home/soft/centOS/compilers/gcc/openmpi/4.0.2/lib:/home/soft/centOS/compilers/gcc/9.1.0_new/lib64:/home/apps/LIBISL/0.18/gnu/lib:. ./driver /scratch/cse/phd/csz208845/a1_data/input_4294967295.bin 10
n_threads = 10
N = 4294967295 p = 40
Time taken for sorting 4294967295 elements with 40 buckets = 536223ms

LD_LIBRARY_PATH=/home/soft/centOS/compilers/gcc/openmpi/4.0.2/lib:/home/soft/centOS/compilers/gcc/9.1.0_new/lib64:/home/apps/LIBISL/0.18/gnu/lib:. ./driver /scratch/cse/phd/csz208845/a1_data/input_4294967295.bin 9
n_threads = 9
N = 4294967295 p = 40
Time taken for sorting 4294967295 elements with 40 buckets = 657872ms

LD_LIBRARY_PATH=/home/soft/centOS/compilers/gcc/openmpi/4.0.2/lib:/home/soft/centOS/compilers/gcc/9.1.0_new/lib64:/home/apps/LIBISL/0.18/gnu/lib:. ./driver /scratch/cse/phd/csz208845/a1_data/input_4294967295.bin 8
n_threads = 8
N = 4294967295 p = 40
Time taken for sorting 4294967295 elements with 40 buckets = 614745ms

LD_LIBRARY_PATH=/home/soft/centOS/compilers/gcc/openmpi/4.0.2/lib:/home/soft/centOS/compilers/gcc/9.1.0_new/lib64:/home/apps/LIBISL/0.18/gnu/lib:. ./driver /scratch/cse/phd/csz208845/a1_data/input_4294967295.bin 7
n_threads = 7
N = 4294967295 p = 40
Time taken for sorting 4294967295 elements with 40 buckets = 814581ms

LD_LIBRARY_PATH=/home/soft/centOS/compilers/gcc/openmpi/4.0.2/lib:/home/soft/centOS/compilers/gcc/9.1.0_new/lib64:/home/apps/LIBISL/0.18/gnu/lib:. ./driver /scratch/cse/phd/csz208845/a1_data/input_4294967295.bin 6
n_threads = 6
N = 4294967295 p = 40
Time taken for sorting 4294967295 elements with 40 buckets = 683776ms

LD_LIBRARY_PATH=/home/soft/centOS/compilers/gcc/openmpi/4.0.2/lib:/home/soft/centOS/compilers/gcc/9.1.0_new/lib64:/home/apps/LIBISL/0.18/gnu/lib:. ./driver /scratch/cse/phd/csz208845/a1_data/input_4294967295.bin 5
n_threads = 5
N = 4294967295 p = 40
Time taken for sorting 4294967295 elements with 40 buckets = 759482ms

LD_LIBRARY_PATH=/home/soft/centOS/compilers/gcc/openmpi/4.0.2/lib:/home/soft/centOS/compilers/gcc/9.1.0_new/lib64:/home/apps/LIBISL/0.18/gnu/lib:. ./driver /scratch/cse/phd/csz208845/a1_data/input_4294967295.bin 4
n_threads = 4
N = 4294967295 p = 40
Time taken for sorting 4294967295 elements with 40 buckets = 928199ms

LD_LIBRARY_PATH=/home/soft/centOS/compilers/gcc/openmpi/4.0.2/lib:/home/soft/centOS/compilers/gcc/9.1.0_new/lib64:/home/apps/LIBISL/0.18/gnu/lib:. ./driver /scratch/cse/phd/csz208845/a1_data/input_4294967295.bin 3
n_threads = 3
N = 4294967295 p = 40
Time taken for sorting 4294967295 elements with 40 buckets = 1.2058e+06ms

LD_LIBRARY_PATH=/home/soft/centOS/compilers/gcc/openmpi/4.0.2/lib:/home/soft/centOS/compilers/gcc/9.1.0_new/lib64:/home/apps/LIBISL/0.18/gnu/lib:. ./driver /scratch/cse/phd/csz208845/a1_data/input_4294967295.bin 2
n_threads = 2
N = 4294967295 p = 40
Time taken for sorting 4294967295 elements with 40 buckets = 1.71948e+06ms

LD_LIBRARY_PATH=/home/soft/centOS/compilers/gcc/openmpi/4.0.2/lib:/home/soft/centOS/compilers/gcc/9.1.0_new/lib64:/home/apps/LIBISL/0.18/gnu/lib:. ./driver /scratch/cse/phd/csz208845/a1_data/input_4294967295.bin 1
n_threads = 1
N = 4294967295 p = 40
Time taken for sorting 4294967295 elements with 40 buckets = 3.31971e+06ms
