inputs/input_1000000_40.bin

LD_LIBRARY_PATH=/home/soft/centOS/compilers/gcc/openmpi/4.0.2/lib:/home/soft/centOS/compilers/gcc/9.1.0_new/lib64:/home/apps/LIBISL/0.18/gnu/lib:. ./driver inputs/input_1000000.bin 1
n_threads = 1
N = 1000000 p = 40
Time taken for sorting 1000000 elements with 40 buckets = 394.356ms

LD_LIBRARY_PATH=/home/soft/centOS/compilers/gcc/openmpi/4.0.2/lib:/home/soft/centOS/compilers/gcc/9.1.0_new/lib64:/home/apps/LIBISL/0.18/gnu/lib:. ./driver inputs/input_1000000.bin 2
n_threads = 2
N = 1000000 p = 40
Time taken for sorting 1000000 elements with 40 buckets = 278.747ms

LD_LIBRARY_PATH=/home/soft/centOS/compilers/gcc/openmpi/4.0.2/lib:/home/soft/centOS/compilers/gcc/9.1.0_new/lib64:/home/apps/LIBISL/0.18/gnu/lib:. ./driver inputs/input_1000000.bin 3
n_threads = 3
N = 1000000 p = 40
Time taken for sorting 1000000 elements with 40 buckets = 202.22ms

LD_LIBRARY_PATH=/home/soft/centOS/compilers/gcc/openmpi/4.0.2/lib:/home/soft/centOS/compilers/gcc/9.1.0_new/lib64:/home/apps/LIBISL/0.18/gnu/lib:. ./driver inputs/input_1000000.bin 4
n_threads = 4
N = 1000000 p = 40
Time taken for sorting 1000000 elements with 40 buckets = 178.266ms

LD_LIBRARY_PATH=/home/soft/centOS/compilers/gcc/openmpi/4.0.2/lib:/home/soft/centOS/compilers/gcc/9.1.0_new/lib64:/home/apps/LIBISL/0.18/gnu/lib:. ./driver inputs/input_1000000.bin 5
n_threads = 5
N = 1000000 p = 40
Time taken for sorting 1000000 elements with 40 buckets = 149.758ms

LD_LIBRARY_PATH=/home/soft/centOS/compilers/gcc/openmpi/4.0.2/lib:/home/soft/centOS/compilers/gcc/9.1.0_new/lib64:/home/apps/LIBISL/0.18/gnu/lib:. ./driver inputs/input_1000000.bin 6
n_threads = 6
N = 1000000 p = 40
Time taken for sorting 1000000 elements with 40 buckets = 114.351ms

LD_LIBRARY_PATH=/home/soft/centOS/compilers/gcc/openmpi/4.0.2/lib:/home/soft/centOS/compilers/gcc/9.1.0_new/lib64:/home/apps/LIBISL/0.18/gnu/lib:. ./driver inputs/input_1000000.bin 7
n_threads = 7
N = 1000000 p = 40
Time taken for sorting 1000000 elements with 40 buckets = 117.601ms

LD_LIBRARY_PATH=/home/soft/centOS/compilers/gcc/openmpi/4.0.2/lib:/home/soft/centOS/compilers/gcc/9.1.0_new/lib64:/home/apps/LIBISL/0.18/gnu/lib:. ./driver inputs/input_1000000.bin 8
n_threads = 8
N = 1000000 p = 40
Time taken for sorting 1000000 elements with 40 buckets = 109.366ms

LD_LIBRARY_PATH=/home/soft/centOS/compilers/gcc/openmpi/4.0.2/lib:/home/soft/centOS/compilers/gcc/9.1.0_new/lib64:/home/apps/LIBISL/0.18/gnu/lib:. ./driver inputs/input_1000000.bin 9
n_threads = 9
N = 1000000 p = 40
Time taken for sorting 1000000 elements with 40 buckets = 95.8611ms

LD_LIBRARY_PATH=/home/soft/centOS/compilers/gcc/openmpi/4.0.2/lib:/home/soft/centOS/compilers/gcc/9.1.0_new/lib64:/home/apps/LIBISL/0.18/gnu/lib:. ./driver inputs/input_1000000.bin 10
n_threads = 10
N = 1000000 p = 40
Time taken for sorting 1000000 elements with 40 buckets = 86.5017ms

LD_LIBRARY_PATH=/home/soft/centOS/compilers/gcc/openmpi/4.0.2/lib:/home/soft/centOS/compilers/gcc/9.1.0_new/lib64:/home/apps/LIBISL/0.18/gnu/lib:. ./driver inputs/input_1000000.bin 11
n_threads = 11
N = 1000000 p = 40
Time taken for sorting 1000000 elements with 40 buckets = 82.2841ms

LD_LIBRARY_PATH=/home/soft/centOS/compilers/gcc/openmpi/4.0.2/lib:/home/soft/centOS/compilers/gcc/9.1.0_new/lib64:/home/apps/LIBISL/0.18/gnu/lib:. ./driver inputs/input_1000000.bin 12
n_threads = 12
N = 1000000 p = 40
Time taken for sorting 1000000 elements with 40 buckets = 77.4758ms
