inputs/input_10000000_40.bin

LD_LIBRARY_PATH=/home/soft/centOS/compilers/gcc/openmpi/4.0.2/lib:/home/soft/centOS/compilers/gcc/9.1.0_new/lib64:/home/apps/LIBISL/0.18/gnu/lib:. ./driver inputs/input_10000000.bin 1
n_threads = 1
N = 10000000 p = 40
Time taken for sorting 10000000 elements with 40 buckets = 4598.39ms

LD_LIBRARY_PATH=/home/soft/centOS/compilers/gcc/openmpi/4.0.2/lib:/home/soft/centOS/compilers/gcc/9.1.0_new/lib64:/home/apps/LIBISL/0.18/gnu/lib:. ./driver inputs/input_10000000.bin 2
n_threads = 2
N = 10000000 p = 40
Time taken for sorting 10000000 elements with 40 buckets = 2734.33ms

LD_LIBRARY_PATH=/home/soft/centOS/compilers/gcc/openmpi/4.0.2/lib:/home/soft/centOS/compilers/gcc/9.1.0_new/lib64:/home/apps/LIBISL/0.18/gnu/lib:. ./driver inputs/input_10000000.bin 3
n_threads = 3
N = 10000000 p = 40
Time taken for sorting 10000000 elements with 40 buckets = 1903.55ms

LD_LIBRARY_PATH=/home/soft/centOS/compilers/gcc/openmpi/4.0.2/lib:/home/soft/centOS/compilers/gcc/9.1.0_new/lib64:/home/apps/LIBISL/0.18/gnu/lib:. ./driver inputs/input_10000000.bin 4
n_threads = 4
N = 10000000 p = 40
Time taken for sorting 10000000 elements with 40 buckets = 1459.25ms

LD_LIBRARY_PATH=/home/soft/centOS/compilers/gcc/openmpi/4.0.2/lib:/home/soft/centOS/compilers/gcc/9.1.0_new/lib64:/home/apps/LIBISL/0.18/gnu/lib:. ./driver inputs/input_10000000.bin 5
n_threads = 5
N = 10000000 p = 40
Time taken for sorting 10000000 elements with 40 buckets = 1234.48ms

LD_LIBRARY_PATH=/home/soft/centOS/compilers/gcc/openmpi/4.0.2/lib:/home/soft/centOS/compilers/gcc/9.1.0_new/lib64:/home/apps/LIBISL/0.18/gnu/lib:. ./driver inputs/input_10000000.bin 6
n_threads = 6
N = 10000000 p = 40
Time taken for sorting 10000000 elements with 40 buckets = 1093.72ms

LD_LIBRARY_PATH=/home/soft/centOS/compilers/gcc/openmpi/4.0.2/lib:/home/soft/centOS/compilers/gcc/9.1.0_new/lib64:/home/apps/LIBISL/0.18/gnu/lib:. ./driver inputs/input_10000000.bin 7
n_threads = 7
N = 10000000 p = 40
Time taken for sorting 10000000 elements with 40 buckets = 992.479ms

LD_LIBRARY_PATH=/home/soft/centOS/compilers/gcc/openmpi/4.0.2/lib:/home/soft/centOS/compilers/gcc/9.1.0_new/lib64:/home/apps/LIBISL/0.18/gnu/lib:. ./driver inputs/input_10000000.bin 8
n_threads = 8
N = 10000000 p = 40
Time taken for sorting 10000000 elements with 40 buckets = 874.642ms

LD_LIBRARY_PATH=/home/soft/centOS/compilers/gcc/openmpi/4.0.2/lib:/home/soft/centOS/compilers/gcc/9.1.0_new/lib64:/home/apps/LIBISL/0.18/gnu/lib:. ./driver inputs/input_10000000.bin 9
n_threads = 9
N = 10000000 p = 40
Time taken for sorting 10000000 elements with 40 buckets = 904.591ms

LD_LIBRARY_PATH=/home/soft/centOS/compilers/gcc/openmpi/4.0.2/lib:/home/soft/centOS/compilers/gcc/9.1.0_new/lib64:/home/apps/LIBISL/0.18/gnu/lib:. ./driver inputs/input_10000000.bin 10
n_threads = 10
N = 10000000 p = 40
Time taken for sorting 10000000 elements with 40 buckets = 884.654ms

LD_LIBRARY_PATH=/home/soft/centOS/compilers/gcc/openmpi/4.0.2/lib:/home/soft/centOS/compilers/gcc/9.1.0_new/lib64:/home/apps/LIBISL/0.18/gnu/lib:. ./driver inputs/input_10000000.bin 11
n_threads = 11
N = 10000000 p = 40
Time taken for sorting 10000000 elements with 40 buckets = 846.224ms

LD_LIBRARY_PATH=/home/soft/centOS/compilers/gcc/openmpi/4.0.2/lib:/home/soft/centOS/compilers/gcc/9.1.0_new/lib64:/home/apps/LIBISL/0.18/gnu/lib:. ./driver inputs/input_10000000.bin 12
n_threads = 12
N = 10000000 p = 40
Time taken for sorting 10000000 elements with 40 buckets = 816.751ms
