inputs/input_100000000_40.bin

LD_LIBRARY_PATH=/home/soft/centOS/compilers/gcc/openmpi/4.0.2/lib:/home/soft/centOS/compilers/gcc/9.1.0_new/lib64:/home/apps/LIBISL/0.18/gnu/lib:. ./driver inputs/input_100000000.bin 1
n_threads = 1
N = 100000000 p = 40
Time taken for sorting 100000000 elements with 40 buckets = 49331.8ms

LD_LIBRARY_PATH=/home/soft/centOS/compilers/gcc/openmpi/4.0.2/lib:/home/soft/centOS/compilers/gcc/9.1.0_new/lib64:/home/apps/LIBISL/0.18/gnu/lib:. ./driver inputs/input_100000000.bin 2
n_threads = 2
N = 100000000 p = 40
Time taken for sorting 100000000 elements with 40 buckets = 28140.9ms

LD_LIBRARY_PATH=/home/soft/centOS/compilers/gcc/openmpi/4.0.2/lib:/home/soft/centOS/compilers/gcc/9.1.0_new/lib64:/home/apps/LIBISL/0.18/gnu/lib:. ./driver inputs/input_100000000.bin 3
n_threads = 3
N = 100000000 p = 40
Time taken for sorting 100000000 elements with 40 buckets = 20229.6ms

LD_LIBRARY_PATH=/home/soft/centOS/compilers/gcc/openmpi/4.0.2/lib:/home/soft/centOS/compilers/gcc/9.1.0_new/lib64:/home/apps/LIBISL/0.18/gnu/lib:. ./driver inputs/input_100000000.bin 4
n_threads = 4
N = 100000000 p = 40
Time taken for sorting 100000000 elements with 40 buckets = 15080.2ms

LD_LIBRARY_PATH=/home/soft/centOS/compilers/gcc/openmpi/4.0.2/lib:/home/soft/centOS/compilers/gcc/9.1.0_new/lib64:/home/apps/LIBISL/0.18/gnu/lib:. ./driver inputs/input_100000000.bin 5
n_threads = 5
N = 100000000 p = 40
Time taken for sorting 100000000 elements with 40 buckets = 12666.8ms

LD_LIBRARY_PATH=/home/soft/centOS/compilers/gcc/openmpi/4.0.2/lib:/home/soft/centOS/compilers/gcc/9.1.0_new/lib64:/home/apps/LIBISL/0.18/gnu/lib:. ./driver inputs/input_100000000.bin 6
n_threads = 6
N = 100000000 p = 40
Time taken for sorting 100000000 elements with 40 buckets = 11332.6ms

LD_LIBRARY_PATH=/home/soft/centOS/compilers/gcc/openmpi/4.0.2/lib:/home/soft/centOS/compilers/gcc/9.1.0_new/lib64:/home/apps/LIBISL/0.18/gnu/lib:. ./driver inputs/input_100000000.bin 7
n_threads = 7
N = 100000000 p = 40
Time taken for sorting 100000000 elements with 40 buckets = 10018.8ms

LD_LIBRARY_PATH=/home/soft/centOS/compilers/gcc/openmpi/4.0.2/lib:/home/soft/centOS/compilers/gcc/9.1.0_new/lib64:/home/apps/LIBISL/0.18/gnu/lib:. ./driver inputs/input_100000000.bin 8
n_threads = 8
N = 100000000 p = 40
Time taken for sorting 100000000 elements with 40 buckets = 8796.45ms

LD_LIBRARY_PATH=/home/soft/centOS/compilers/gcc/openmpi/4.0.2/lib:/home/soft/centOS/compilers/gcc/9.1.0_new/lib64:/home/apps/LIBISL/0.18/gnu/lib:. ./driver inputs/input_100000000.bin 9
n_threads = 9
N = 100000000 p = 40
Time taken for sorting 100000000 elements with 40 buckets = 9187.58ms

LD_LIBRARY_PATH=/home/soft/centOS/compilers/gcc/openmpi/4.0.2/lib:/home/soft/centOS/compilers/gcc/9.1.0_new/lib64:/home/apps/LIBISL/0.18/gnu/lib:. ./driver inputs/input_100000000.bin 10
n_threads = 10
N = 100000000 p = 40
Time taken for sorting 100000000 elements with 40 buckets = 8747.64ms

LD_LIBRARY_PATH=/home/soft/centOS/compilers/gcc/openmpi/4.0.2/lib:/home/soft/centOS/compilers/gcc/9.1.0_new/lib64:/home/apps/LIBISL/0.18/gnu/lib:. ./driver inputs/input_100000000.bin 11
n_threads = 11
N = 100000000 p = 40
Time taken for sorting 100000000 elements with 40 buckets = 8239.98ms

LD_LIBRARY_PATH=/home/soft/centOS/compilers/gcc/openmpi/4.0.2/lib:/home/soft/centOS/compilers/gcc/9.1.0_new/lib64:/home/apps/LIBISL/0.18/gnu/lib:. ./driver inputs/input_100000000.bin 12
n_threads = 12
N = 100000000 p = 40
Time taken for sorting 100000000 elements with 40 buckets = 7673.87ms
